2020/08/24-09:13:49 [main] INFO  com.tuozhi.zhlw.admin.MyApplication-[55] Starting MyApplication on tz002-PC with PID 8540 (D:\JCAPP\cd-zhlw\cd-zhlw-web-admin\target\classes started by tz008 in D:\JCAPP\cd-zhlw)
2020/08/24-09:13:49 [main] DEBUG com.tuozhi.zhlw.admin.MyApplication-[56] Running with Spring Boot v2.2.2.RELEASE, Spring v5.2.2.RELEASE
2020/08/24-09:13:49 [main] INFO  com.tuozhi.zhlw.admin.MyApplication-[655] The following profiles are active: dev
2020/08/24-09:13:51 [main] INFO  org.springframework.data.repository.config.RepositoryConfigurationDelegate-[249] Multiple Spring Data modules found, entering strict repository configuration mode!
2020/08/24-09:13:51 [main] INFO  org.springframework.data.repository.config.RepositoryConfigurationDelegate-[127] Bootstrapping Spring Data JPA repositories in DEFAULT mode.
2020/08/24-09:13:51 [main] INFO  org.springframework.data.repository.config.RepositoryConfigurationDelegate-[187] Finished Spring Data repository scanning in 68ms. Found 3 JPA repository interfaces.
2020/08/24-09:13:51 [main] WARN  tk.mybatis.spring.mapper.ClassPathMapperScanner-[225] Skipping MapperFactoryBean with name 'ETCMapper' and 'com.tuozhi.zhlw.admin.tjportrefund.mapper.ETCMapper' mapperInterface. Bean already defined with the same name!
2020/08/24-09:13:51 [main] WARN  tk.mybatis.spring.mapper.ClassPathMapperScanner-[225] Skipping MapperFactoryBean with name 'MTCMapper' and 'com.tuozhi.zhlw.admin.tjportrefund.mapper.MTCMapper' mapperInterface. Bean already defined with the same name!
2020/08/24-09:13:51 [main] WARN  org.mybatis.spring.mapper.ClassPathMapperScanner-[239] Skipping MapperFactoryBean with name 'workFlowNodeMapper' and 'com.tuozhi.zhlw.admin.jc.mapper.WorkFlowNodeMapper' mapperInterface. Bean already defined with the same name!
2020/08/24-09:13:51 [main] WARN  org.mybatis.spring.mapper.ClassPathMapperScanner-[166] No MyBatis mapper was found in '[com.tuozhi.zhlw.admin]' package. Please check your configuration.
2020/08/24-09:13:51 [main] INFO  org.springframework.data.repository.config.RepositoryConfigurationDelegate-[249] Multiple Spring Data modules found, entering strict repository configuration mode!
2020/08/24-09:13:51 [main] INFO  org.springframework.data.repository.config.RepositoryConfigurationDelegate-[127] Bootstrapping Spring Data Redis repositories in DEFAULT mode.
2020/08/24-09:13:51 [main] INFO  org.springframework.data.repository.config.RepositoryConfigurationExtensionSupport-[348] Spring Data Redis - Could not safely identify store assignment for repository candidate interface com.tuozhi.zhlw.admin.dao.SysAppDao. If you want this repository to be a Redis repository, consider annotating your entities with one of these annotations: org.springframework.data.redis.core.RedisHash (preferred), or consider extending one of the following types with your repository: org.springframework.data.keyvalue.repository.KeyValueRepository.
2020/08/24-09:13:51 [main] INFO  org.springframework.data.repository.config.RepositoryConfigurationExtensionSupport-[348] Spring Data Redis - Could not safely identify store assignment for repository candidate interface com.tuozhi.zhlw.admin.dao.SysLogDao. If you want this repository to be a Redis repository, consider annotating your entities with one of these annotations: org.springframework.data.redis.core.RedisHash (preferred), or consider extending one of the following types with your repository: org.springframework.data.keyvalue.repository.KeyValueRepository.
2020/08/24-09:13:51 [main] INFO  org.springframework.data.repository.config.RepositoryConfigurationExtensionSupport-[348] Spring Data Redis - Could not safely identify store assignment for repository candidate interface com.tuozhi.zhlw.admin.dao.SysMenuDao. If you want this repository to be a Redis repository, consider annotating your entities with one of these annotations: org.springframework.data.redis.core.RedisHash (preferred), or consider extending one of the following types with your repository: org.springframework.data.keyvalue.repository.KeyValueRepository.
2020/08/24-09:13:51 [main] INFO  org.springframework.data.repository.config.RepositoryConfigurationDelegate-[187] Finished Spring Data repository scanning in 82ms. Found 0 Redis repository interfaces.
2020/08/24-09:13:52 [main] INFO  org.springframework.context.support.PostProcessorRegistrationDelegate$BeanPostProcessorChecker-[330] Bean 'org.springframework.transaction.annotation.ProxyTransactionManagementConfiguration' of type [org.springframework.transaction.annotation.ProxyTransactionManagementConfiguration] is not eligible for getting processed by all BeanPostProcessors (for example: not eligible for auto-proxying)
2020/08/24-09:13:52 [main] INFO  org.springframework.boot.web.embedded.tomcat.TomcatWebServer-[92] Tomcat initialized with port(s): 317 (http)
2020/08/24-09:13:52 [main] INFO  org.apache.coyote.http11.Http11NioProtocol-[173] Initializing ProtocolHandler ["http-nio-317"]
2020/08/24-09:13:52 [main] INFO  org.apache.catalina.core.StandardService-[173] Starting service [Tomcat]
2020/08/24-09:13:52 [main] INFO  org.apache.catalina.core.StandardEngine-[173] Starting Servlet engine: [Apache Tomcat/9.0.29]
2020/08/24-09:13:52 [main] INFO  org.apache.jasper.servlet.TldScanner-[173] At least one JAR was scanned for TLDs yet contained no TLDs. Enable debug logging for this logger for a complete list of JARs that were scanned but no TLDs were found in them. Skipping unneeded JARs during scanning can improve startup time and JSP compilation time.
2020/08/24-09:13:52 [main] INFO  org.apache.catalina.core.ContainerBase.[Tomcat].[localhost].[/]-[173] Initializing Spring embedded WebApplicationContext
2020/08/24-09:13:52 [main] INFO  org.springframework.web.context.ContextLoader-[284] Root WebApplicationContext: initialization completed in 3048 ms
2020/08/24-09:13:52 [main] INFO  org.springframework.boot.web.servlet.RegistrationBean-[110] Filter characterEncodingFilter was not registered (possibly already registered?)
2020/08/24-09:13:53 [main] INFO  com.alibaba.druid.spring.boot.autoconfigure.DruidDataSourceAutoConfigure-[56] Init DruidDataSource
2020/08/24-09:13:53 [main] WARN  com.alibaba.druid.pool.DruidAbstractDataSource-[1216] oracle.jdbc.driver.OracleDriver is deprecated.Having use oracle.jdbc.OracleDriver.
2020/08/24-09:13:54 [main] INFO  com.alibaba.druid.pool.DruidDataSource-[1003] {dataSource-1} inited
2020/08/24-09:13:54 [main] INFO  org.hibernate.jpa.internal.util.LogHelper-[31] HHH000204: Processing PersistenceUnitInfo [name: default]
2020/08/24-09:13:54 [main] INFO  org.hibernate.Version-[46] HHH000412: Hibernate Core {5.4.9.Final}
2020/08/24-09:13:54 [main] INFO  org.hibernate.annotations.common.Version-[66] HCANN000001: Hibernate Commons Annotations {5.0.1.Final}
2020/08/24-09:13:54 [main] INFO  org.hibernate.dialect.Dialect-[172] HHH000400: Using dialect: org.hibernate.dialect.Oracle10gDialect
2020/08/24-09:13:57 [main] INFO  org.hibernate.engine.transaction.jta.platform.internal.JtaPlatformInitiator-[52] HHH000490: Using JtaPlatform implementation: [org.hibernate.engine.transaction.jta.platform.internal.NoJtaPlatform]
2020/08/24-09:13:57 [main] INFO  org.springframework.orm.jpa.LocalContainerEntityManagerFactoryBean-[416] Initialized JPA EntityManagerFactory for persistence unit 'default'
2020/08/24-09:13:59 [main] DEBUG com.tuozhi.zhlw.admin.report.mapper.EtcTradeDateClearMapper.getSectionAllList-[159] ==>  Preparing: SELECT ID,NAME FROM CD_TRADE.BASE_SECTION order by NAME 
2020/08/24-09:14:00 [main] DEBUG com.tuozhi.zhlw.admin.report.mapper.EtcTradeDateClearMapper.getSectionAllList-[159] ==> Parameters: 
2020/08/24-09:14:00 [main] DEBUG com.tuozhi.zhlw.admin.report.mapper.EtcTradeDateClearMapper.getSectionAllList-[159] <==      Total: 28
2020/08/24-09:14:00 [main] DEBUG com.tuozhi.zhlw.admin.report.mapper.EtcTradeDateClearMapper.getGantryAllList-[159] ==>  Preparing: SELECT ID FROM CD_TRADE.BASE_TOLLPOINT 
2020/08/24-09:14:00 [main] DEBUG com.tuozhi.zhlw.admin.report.mapper.EtcTradeDateClearMapper.getGantryAllList-[159] ==> Parameters: 
2020/08/24-09:14:00 [main] DEBUG com.tuozhi.zhlw.admin.report.mapper.EtcTradeDateClearMapper.getGantryAllList-[159] <==      Total: 400
2020/08/24-09:14:01 [main] DEBUG com.tuozhi.zhlw.admin.jc.mapper.GreyInfoMapper.queryAllGantryList-[159] ==>  Preparing: SELECT ID,NAME FROM CD_TRADE.BASE_TOLLPOINT 
2020/08/24-09:14:01 [main] DEBUG com.tuozhi.zhlw.admin.jc.mapper.GreyInfoMapper.queryAllGantryList-[159] ==> Parameters: 
2020/08/24-09:14:01 [main] DEBUG com.tuozhi.zhlw.admin.jc.mapper.GreyInfoMapper.queryAllGantryList-[159] <==      Total: 400
2020/08/24-09:14:01 [main] DEBUG com.tuozhi.zhlw.admin.jc.mapper.TransactionDataDao.selectAllTollStation-[159] ==>  Preparing: SELECT x.* FROM CD_PASS.BASIC_BASICINFODOWN_RES x WHERE x.downid = ( SELECT max( w.down_id ) FROM "CD_PASS".CLEAR_DOWNLOAD_LOG w WHERE w.read_result = 1 AND w.file_type = 24 ) AND x.TYPE = '1' 
2020/08/24-09:14:01 [main] DEBUG com.tuozhi.zhlw.admin.jc.mapper.TransactionDataDao.selectAllTollStation-[159] ==> Parameters: 
2020/08/24-09:14:06 [main] DEBUG com.tuozhi.zhlw.admin.jc.mapper.TransactionDataDao.selectAllTollStation-[159] <==      Total: 11241
2020/08/24-09:14:07 [main] WARN  org.springframework.boot.autoconfigure.orm.jpa.JpaBaseConfiguration$JpaWebConfiguration-[220] spring.jpa.open-in-view is enabled by default. Therefore, database queries may be performed during view rendering. Explicitly configure spring.jpa.open-in-view to disable this warning
2020/08/24-09:14:07 [main] INFO  tk.mybatis.mapper.autoconfigure.MapperCacheDisabler-[60] Clear tk.mybatis.mapper.util.MsUtil CLASS_CACHE cache.
2020/08/24-09:14:07 [main] INFO  tk.mybatis.mapper.autoconfigure.MapperCacheDisabler-[60] Clear tk.mybatis.mapper.genid.GenIdUtil CACHE cache.
2020/08/24-09:14:07 [main] INFO  tk.mybatis.mapper.autoconfigure.MapperCacheDisabler-[83] Clear EntityHelper entityTableMap cache.
2020/08/24-09:14:07 [main] INFO  org.springframework.scheduling.concurrent.ThreadPoolTaskScheduler-[171] Initializing ExecutorService 'taskScheduler'
2020/08/24-09:14:07 [main] INFO  org.apache.coyote.http11.Http11NioProtocol-[173] Starting ProtocolHandler ["http-nio-317"]
2020/08/24-09:14:07 [main] INFO  org.springframework.boot.web.embedded.tomcat.TomcatWebServer-[204] Tomcat started on port(s): 317 (http) with context path ''
2020/08/24-09:14:07 [main] INFO  com.tuozhi.zhlw.admin.MyApplication-[61] Started MyApplication in 18.608 seconds (JVM running for 20.497)
2020/08/24-09:14:07 [main] DEBUG com.tuozhi.zhlw.admin.jc.mapper.BaseDeptMapper.getJCBDeptId-[159] ==>  Preparing: SELECT ID FROM CD_SYSTEM.SYS_DEPT WHERE DEPT_WORK = '1000002' 
2020/08/24-09:14:07 [main] DEBUG com.tuozhi.zhlw.admin.jc.mapper.BaseDeptMapper.getJCBDeptId-[159] ==> Parameters: 
2020/08/24-09:14:07 [main] DEBUG com.tuozhi.zhlw.admin.jc.mapper.BaseDeptMapper.getJCBDeptId-[159] <==      Total: 1
2020/08/24-09:14:07 [main] DEBUG com.tuozhi.zhlw.admin.jc.mapper.BaseDeptMapper.getIssuerDeptId-[159] ==>  Preparing: SELECT ID FROM CD_SYSTEM.SYS_DEPT WHERE DEPT_WORK = 'FX' 
2020/08/24-09:14:07 [main] DEBUG com.tuozhi.zhlw.admin.jc.mapper.BaseDeptMapper.getIssuerDeptId-[159] ==> Parameters: 
2020/08/24-09:14:07 [main] DEBUG com.tuozhi.zhlw.admin.jc.mapper.BaseDeptMapper.getIssuerDeptId-[159] <==      Total: 1
2020/08/24-09:14:54 [http-nio-317-exec-1] INFO  org.apache.catalina.core.ContainerBase.[Tomcat].[localhost].[/]-[173] Initializing Spring DispatcherServlet 'dispatcherServlet'
2020/08/24-09:14:54 [http-nio-317-exec-1] INFO  org.springframework.web.servlet.DispatcherServlet-[525] Initializing Servlet 'dispatcherServlet'
2020/08/24-09:14:54 [http-nio-317-exec-1] INFO  org.springframework.web.servlet.DispatcherServlet-[547] Completed initialization in 12 ms
2020/08/24-09:14:54 [http-nio-317-exec-1] INFO  com.tuozhi.zhlw.admin.jcApp.config.SysLoginAspect-[25] 方法执行前执行。。。。。before
2020/08/24-09:14:54 [http-nio-317-exec-1] INFO  com.tuozhi.zhlw.admin.jcApp.config.SysLoginAspect-[28] <============================================
2020/08/24-09:14:54 [http-nio-317-exec-1] INFO  com.tuozhi.zhlw.admin.jcApp.config.SysLoginAspect-[29] 请求来源： =》127.0.0.1
2020/08/24-09:14:54 [http-nio-317-exec-1] INFO  com.tuozhi.zhlw.admin.jcApp.config.SysLoginAspect-[30] 请求URL：=》/JC/APP/getStationByProvincename
2020/08/24-09:14:54 [http-nio-317-exec-1] INFO  com.tuozhi.zhlw.admin.jcApp.config.SysLoginAspect-[31] 请求方式：=》POST
2020/08/24-09:14:54 [http-nio-317-exec-1] INFO  com.tuozhi.zhlw.admin.jcApp.config.SysLoginAspect-[32] 响应方法：=》com.tuozhi.zhlw.admin.jcApp.controller.JCAppETCCardController.getStationByProvincename
2020/08/24-09:14:54 [http-nio-317-exec-1] INFO  com.tuozhi.zhlw.admin.jcApp.config.SysLoginAspect-[33] 请求参数：=》[天津, 西]
2020/08/24-09:14:54 [http-nio-317-exec-1] DEBUG com.tuozhi.zhlw.admin.jcApp.mapper.JCAppETCCardMapper.getStationByProvincename-[159] ==>  Preparing: SELECT x.ID, x.NAME, n.PROVINCENAME, x.NAME || ' (' || n.PROVINCENAME || '-' || x.ID || ')' AS STATIONNAME FROM CD_PASS.BASIC_BASICINFODOWN_RES x LEFT JOIN "CD_TRADE"."BASE_NETPROVINCE" n ON n.PROVINCEID = x.PROVINCEID WHERE x.downid = ( SELECT max( w.down_id ) FROM "CD_PASS".CLEAR_DOWNLOAD_LOG w WHERE w.read_result = 1 AND w.file_type = 24 ) AND x.TYPE = '1' and n.PROVINCENAME=? and x.name like '%'||?||'%' 
2020/08/24-09:14:54 [http-nio-317-exec-1] DEBUG com.tuozhi.zhlw.admin.jcApp.mapper.JCAppETCCardMapper.getStationByProvincename-[159] ==> Parameters: 天津(String), 西(String)
2020/08/24-09:14:54 [http-nio-317-exec-1] DEBUG com.tuozhi.zhlw.admin.jcApp.mapper.JCAppETCCardMapper.getStationByProvincename-[159] <==      Total: 7
2020/08/24-09:22:32 [SpringContextShutdownHook] INFO  org.springframework.scheduling.concurrent.ThreadPoolTaskScheduler-[208] Shutting down ExecutorService 'taskScheduler'
2020/08/24-09:22:32 [SpringContextShutdownHook] INFO  org.springframework.orm.jpa.LocalContainerEntityManagerFactoryBean-[598] Closing JPA EntityManagerFactory for persistence unit 'default'
2020/08/24-09:22:32 [SpringContextShutdownHook] INFO  com.alibaba.druid.pool.DruidDataSource-[1965] {dataSource-1} closing ...
2020/08/24-09:22:32 [SpringContextShutdownHook] INFO  com.alibaba.druid.pool.DruidDataSource-[2037] {dataSource-1} closed
2020/08/24-09:22:38 [main] INFO  com.tuozhi.zhlw.admin.MyApplication-[55] Starting MyApplication on tz002-PC with PID 2396 (D:\JCAPP\cd-zhlw\cd-zhlw-web-admin\target\classes started by tz008 in D:\JCAPP\cd-zhlw)
2020/08/24-09:22:38 [main] DEBUG com.tuozhi.zhlw.admin.MyApplication-[56] Running with Spring Boot v2.2.2.RELEASE, Spring v5.2.2.RELEASE
2020/08/24-09:22:38 [main] INFO  com.tuozhi.zhlw.admin.MyApplication-[655] The following profiles are active: dev
2020/08/24-09:22:39 [main] INFO  org.springframework.data.repository.config.RepositoryConfigurationDelegate-[249] Multiple Spring Data modules found, entering strict repository configuration mode!
2020/08/24-09:22:39 [main] INFO  org.springframework.data.repository.config.RepositoryConfigurationDelegate-[127] Bootstrapping Spring Data JPA repositories in DEFAULT mode.
2020/08/24-09:22:39 [main] INFO  org.springframework.data.repository.config.RepositoryConfigurationDelegate-[187] Finished Spring Data repository scanning in 67ms. Found 3 JPA repository interfaces.
2020/08/24-09:22:39 [main] WARN  tk.mybatis.spring.mapper.ClassPathMapperScanner-[225] Skipping MapperFactoryBean with name 'ETCMapper' and 'com.tuozhi.zhlw.admin.tjportrefund.mapper.ETCMapper' mapperInterface. Bean already defined with the same name!
2020/08/24-09:22:39 [main] WARN  tk.mybatis.spring.mapper.ClassPathMapperScanner-[225] Skipping MapperFactoryBean with name 'MTCMapper' and 'com.tuozhi.zhlw.admin.tjportrefund.mapper.MTCMapper' mapperInterface. Bean already defined with the same name!
2020/08/24-09:22:39 [main] WARN  org.mybatis.spring.mapper.ClassPathMapperScanner-[239] Skipping MapperFactoryBean with name 'workFlowNodeMapper' and 'com.tuozhi.zhlw.admin.jc.mapper.WorkFlowNodeMapper' mapperInterface. Bean already defined with the same name!
2020/08/24-09:22:39 [main] WARN  org.mybatis.spring.mapper.ClassPathMapperScanner-[166] No MyBatis mapper was found in '[com.tuozhi.zhlw.admin]' package. Please check your configuration.
2020/08/24-09:22:39 [main] INFO  org.springframework.data.repository.config.RepositoryConfigurationDelegate-[249] Multiple Spring Data modules found, entering strict repository configuration mode!
2020/08/24-09:22:39 [main] INFO  org.springframework.data.repository.config.RepositoryConfigurationDelegate-[127] Bootstrapping Spring Data Redis repositories in DEFAULT mode.
2020/08/24-09:22:39 [main] INFO  org.springframework.data.repository.config.RepositoryConfigurationExtensionSupport-[348] Spring Data Redis - Could not safely identify store assignment for repository candidate interface com.tuozhi.zhlw.admin.dao.SysAppDao. If you want this repository to be a Redis repository, consider annotating your entities with one of these annotations: org.springframework.data.redis.core.RedisHash (preferred), or consider extending one of the following types with your repository: org.springframework.data.keyvalue.repository.KeyValueRepository.
2020/08/24-09:22:39 [main] INFO  org.springframework.data.repository.config.RepositoryConfigurationExtensionSupport-[348] Spring Data Redis - Could not safely identify store assignment for repository candidate interface com.tuozhi.zhlw.admin.dao.SysLogDao. If you want this repository to be a Redis repository, consider annotating your entities with one of these annotations: org.springframework.data.redis.core.RedisHash (preferred), or consider extending one of the following types with your repository: org.springframework.data.keyvalue.repository.KeyValueRepository.
2020/08/24-09:22:39 [main] INFO  org.springframework.data.repository.config.RepositoryConfigurationExtensionSupport-[348] Spring Data Redis - Could not safely identify store assignment for repository candidate interface com.tuozhi.zhlw.admin.dao.SysMenuDao. If you want this repository to be a Redis repository, consider annotating your entities with one of these annotations: org.springframework.data.redis.core.RedisHash (preferred), or consider extending one of the following types with your repository: org.springframework.data.keyvalue.repository.KeyValueRepository.
2020/08/24-09:22:39 [main] INFO  org.springframework.data.repository.config.RepositoryConfigurationDelegate-[187] Finished Spring Data repository scanning in 84ms. Found 0 Redis repository interfaces.
2020/08/24-09:22:40 [main] INFO  org.springframework.context.support.PostProcessorRegistrationDelegate$BeanPostProcessorChecker-[330] Bean 'org.springframework.transaction.annotation.ProxyTransactionManagementConfiguration' of type [org.springframework.transaction.annotation.ProxyTransactionManagementConfiguration] is not eligible for getting processed by all BeanPostProcessors (for example: not eligible for auto-proxying)
2020/08/24-09:22:40 [main] INFO  org.springframework.boot.web.embedded.tomcat.TomcatWebServer-[92] Tomcat initialized with port(s): 317 (http)
2020/08/24-09:22:40 [main] INFO  org.apache.coyote.http11.Http11NioProtocol-[173] Initializing ProtocolHandler ["http-nio-317"]
2020/08/24-09:22:40 [main] INFO  org.apache.catalina.core.StandardService-[173] Starting service [Tomcat]
2020/08/24-09:22:40 [main] INFO  org.apache.catalina.core.StandardEngine-[173] Starting Servlet engine: [Apache Tomcat/9.0.29]
2020/08/24-09:22:41 [main] INFO  org.apache.jasper.servlet.TldScanner-[173] At least one JAR was scanned for TLDs yet contained no TLDs. Enable debug logging for this logger for a complete list of JARs that were scanned but no TLDs were found in them. Skipping unneeded JARs during scanning can improve startup time and JSP compilation time.
2020/08/24-09:22:41 [main] INFO  org.apache.catalina.core.ContainerBase.[Tomcat].[localhost].[/]-[173] Initializing Spring embedded WebApplicationContext
2020/08/24-09:22:41 [main] INFO  org.springframework.web.context.ContextLoader-[284] Root WebApplicationContext: initialization completed in 2773 ms
2020/08/24-09:22:41 [main] INFO  org.springframework.boot.web.servlet.RegistrationBean-[110] Filter characterEncodingFilter was not registered (possibly already registered?)
2020/08/24-09:22:41 [main] INFO  com.alibaba.druid.spring.boot.autoconfigure.DruidDataSourceAutoConfigure-[56] Init DruidDataSource
2020/08/24-09:22:41 [main] WARN  com.alibaba.druid.pool.DruidAbstractDataSource-[1216] oracle.jdbc.driver.OracleDriver is deprecated.Having use oracle.jdbc.OracleDriver.
2020/08/24-09:22:42 [main] INFO  com.alibaba.druid.pool.DruidDataSource-[1003] {dataSource-1} inited
2020/08/24-09:22:42 [main] INFO  org.hibernate.jpa.internal.util.LogHelper-[31] HHH000204: Processing PersistenceUnitInfo [name: default]
2020/08/24-09:22:42 [main] INFO  org.hibernate.Version-[46] HHH000412: Hibernate Core {5.4.9.Final}
2020/08/24-09:22:42 [main] INFO  org.hibernate.annotations.common.Version-[66] HCANN000001: Hibernate Commons Annotations {5.0.1.Final}
2020/08/24-09:22:42 [main] INFO  org.hibernate.dialect.Dialect-[172] HHH000400: Using dialect: org.hibernate.dialect.Oracle10gDialect
2020/08/24-09:22:45 [main] INFO  org.hibernate.engine.transaction.jta.platform.internal.JtaPlatformInitiator-[52] HHH000490: Using JtaPlatform implementation: [org.hibernate.engine.transaction.jta.platform.internal.NoJtaPlatform]
2020/08/24-09:22:45 [main] INFO  org.springframework.orm.jpa.LocalContainerEntityManagerFactoryBean-[416] Initialized JPA EntityManagerFactory for persistence unit 'default'
2020/08/24-09:22:48 [main] DEBUG com.tuozhi.zhlw.admin.report.mapper.EtcTradeDateClearMapper.getSectionAllList-[159] ==>  Preparing: SELECT ID,NAME FROM CD_TRADE.BASE_SECTION order by NAME 
2020/08/24-09:22:48 [main] DEBUG com.tuozhi.zhlw.admin.report.mapper.EtcTradeDateClearMapper.getSectionAllList-[159] ==> Parameters: 
2020/08/24-09:22:48 [main] DEBUG com.tuozhi.zhlw.admin.report.mapper.EtcTradeDateClearMapper.getSectionAllList-[159] <==      Total: 28
2020/08/24-09:22:48 [main] DEBUG com.tuozhi.zhlw.admin.report.mapper.EtcTradeDateClearMapper.getGantryAllList-[159] ==>  Preparing: SELECT ID FROM CD_TRADE.BASE_TOLLPOINT 
2020/08/24-09:22:48 [main] DEBUG com.tuozhi.zhlw.admin.report.mapper.EtcTradeDateClearMapper.getGantryAllList-[159] ==> Parameters: 
2020/08/24-09:22:48 [main] DEBUG com.tuozhi.zhlw.admin.report.mapper.EtcTradeDateClearMapper.getGantryAllList-[159] <==      Total: 400
2020/08/24-09:22:49 [main] DEBUG com.tuozhi.zhlw.admin.jc.mapper.GreyInfoMapper.queryAllGantryList-[159] ==>  Preparing: SELECT ID,NAME FROM CD_TRADE.BASE_TOLLPOINT 
2020/08/24-09:22:49 [main] DEBUG com.tuozhi.zhlw.admin.jc.mapper.GreyInfoMapper.queryAllGantryList-[159] ==> Parameters: 
2020/08/24-09:22:49 [main] DEBUG com.tuozhi.zhlw.admin.jc.mapper.GreyInfoMapper.queryAllGantryList-[159] <==      Total: 400
2020/08/24-09:22:50 [main] DEBUG com.tuozhi.zhlw.admin.jc.mapper.TransactionDataDao.selectAllTollStation-[159] ==>  Preparing: SELECT x.* FROM CD_PASS.BASIC_BASICINFODOWN_RES x WHERE x.downid = ( SELECT max( w.down_id ) FROM "CD_PASS".CLEAR_DOWNLOAD_LOG w WHERE w.read_result = 1 AND w.file_type = 24 ) AND x.TYPE = '1' 
2020/08/24-09:22:50 [main] DEBUG com.tuozhi.zhlw.admin.jc.mapper.TransactionDataDao.selectAllTollStation-[159] ==> Parameters: 
2020/08/24-09:22:55 [main] DEBUG com.tuozhi.zhlw.admin.jc.mapper.TransactionDataDao.selectAllTollStation-[159] <==      Total: 11241
2020/08/24-09:22:55 [main] WARN  org.springframework.boot.autoconfigure.orm.jpa.JpaBaseConfiguration$JpaWebConfiguration-[220] spring.jpa.open-in-view is enabled by default. Therefore, database queries may be performed during view rendering. Explicitly configure spring.jpa.open-in-view to disable this warning
2020/08/24-09:22:55 [main] INFO  tk.mybatis.mapper.autoconfigure.MapperCacheDisabler-[60] Clear tk.mybatis.mapper.util.MsUtil CLASS_CACHE cache.
2020/08/24-09:22:55 [main] INFO  tk.mybatis.mapper.autoconfigure.MapperCacheDisabler-[60] Clear tk.mybatis.mapper.genid.GenIdUtil CACHE cache.
2020/08/24-09:22:55 [main] INFO  tk.mybatis.mapper.autoconfigure.MapperCacheDisabler-[83] Clear EntityHelper entityTableMap cache.
2020/08/24-09:22:56 [main] INFO  org.springframework.scheduling.concurrent.ThreadPoolTaskScheduler-[171] Initializing ExecutorService 'taskScheduler'
2020/08/24-09:22:56 [main] INFO  org.apache.coyote.http11.Http11NioProtocol-[173] Starting ProtocolHandler ["http-nio-317"]
2020/08/24-09:22:56 [main] INFO  org.springframework.boot.web.embedded.tomcat.TomcatWebServer-[204] Tomcat started on port(s): 317 (http) with context path ''
2020/08/24-09:22:56 [main] INFO  com.tuozhi.zhlw.admin.MyApplication-[61] Started MyApplication in 18.767 seconds (JVM running for 19.917)
2020/08/24-09:22:56 [main] DEBUG com.tuozhi.zhlw.admin.jc.mapper.BaseDeptMapper.getJCBDeptId-[159] ==>  Preparing: SELECT ID FROM CD_SYSTEM.SYS_DEPT WHERE DEPT_WORK = '1000002' 
2020/08/24-09:22:56 [main] DEBUG com.tuozhi.zhlw.admin.jc.mapper.BaseDeptMapper.getJCBDeptId-[159] ==> Parameters: 
2020/08/24-09:22:56 [main] DEBUG com.tuozhi.zhlw.admin.jc.mapper.BaseDeptMapper.getJCBDeptId-[159] <==      Total: 1
2020/08/24-09:22:56 [main] DEBUG com.tuozhi.zhlw.admin.jc.mapper.BaseDeptMapper.getIssuerDeptId-[159] ==>  Preparing: SELECT ID FROM CD_SYSTEM.SYS_DEPT WHERE DEPT_WORK = 'FX' 
2020/08/24-09:22:56 [main] DEBUG com.tuozhi.zhlw.admin.jc.mapper.BaseDeptMapper.getIssuerDeptId-[159] ==> Parameters: 
2020/08/24-09:22:56 [main] DEBUG com.tuozhi.zhlw.admin.jc.mapper.BaseDeptMapper.getIssuerDeptId-[159] <==      Total: 1
2020/08/24-09:23:06 [http-nio-317-exec-1] INFO  org.apache.catalina.core.ContainerBase.[Tomcat].[localhost].[/]-[173] Initializing Spring DispatcherServlet 'dispatcherServlet'
2020/08/24-09:23:06 [http-nio-317-exec-1] INFO  org.springframework.web.servlet.DispatcherServlet-[525] Initializing Servlet 'dispatcherServlet'
2020/08/24-09:23:06 [http-nio-317-exec-1] INFO  org.springframework.web.servlet.DispatcherServlet-[547] Completed initialization in 11 ms
2020/08/24-09:23:06 [http-nio-317-exec-1] ERROR org.apache.catalina.core.ContainerBase.[Tomcat].[localhost].[/].[dispatcherServlet]-[175] Servlet.service() for servlet [dispatcherServlet] in context with path [] threw exception [Request processing failed; nested exception is java.lang.NullPointerException] with root cause
java.lang.NullPointerException: null
	at com.tuozhi.zhlw.common.utils.CookieUtils.getCookie(CookieUtils.java:25)
	at com.tuozhi.zhlw.admin.controller.BaseController.getLoginUser(BaseController.java:34)
	at com.tuozhi.zhlw.admin.jcApp.config.SysLoginAspect.round(SysLoginAspect.java:43)
	at sun.reflect.NativeMethodAccessorImpl.invoke0(Native Method)
	at sun.reflect.NativeMethodAccessorImpl.invoke(NativeMethodAccessorImpl.java:62)
	at sun.reflect.DelegatingMethodAccessorImpl.invoke(DelegatingMethodAccessorImpl.java:43)
	at java.lang.reflect.Method.invoke(Method.java:498)
	at org.springframework.aop.aspectj.AbstractAspectJAdvice.invokeAdviceMethodWithGivenArgs(AbstractAspectJAdvice.java:644)
	at org.springframework.aop.aspectj.AbstractAspectJAdvice.invokeAdviceMethod(AbstractAspectJAdvice.java:633)
	at org.springframework.aop.aspectj.AspectJAroundAdvice.invoke(AspectJAroundAdvice.java:70)
	at org.springframework.aop.framework.ReflectiveMethodInvocation.proceed(ReflectiveMethodInvocation.java:186)
	at org.springframework.aop.framework.CglibAopProxy$CglibMethodInvocation.proceed(CglibAopProxy.java:747)
	at org.springframework.aop.interceptor.ExposeInvocationInterceptor.invoke(ExposeInvocationInterceptor.java:93)
	at org.springframework.aop.framework.ReflectiveMethodInvocation.proceed(ReflectiveMethodInvocation.java:186)
	at org.springframework.aop.framework.CglibAopProxy$CglibMethodInvocation.proceed(CglibAopProxy.java:747)
	at org.springframework.aop.framework.CglibAopProxy$DynamicAdvisedInterceptor.intercept(CglibAopProxy.java:689)
	at com.tuozhi.zhlw.admin.jcApp.controller.JCAppETCCardController$$EnhancerBySpringCGLIB$$adbe80e5.getStationByProvincename(<generated>)
	at sun.reflect.NativeMethodAccessorImpl.invoke0(Native Method)
	at sun.reflect.NativeMethodAccessorImpl.invoke(NativeMethodAccessorImpl.java:62)
	at sun.reflect.DelegatingMethodAccessorImpl.invoke(DelegatingMethodAccessorImpl.java:43)
	at java.lang.reflect.Method.invoke(Method.java:498)
	at org.springframework.web.method.support.InvocableHandlerMethod.doInvoke(InvocableHandlerMethod.java:190)
	at org.springframework.web.method.support.InvocableHandlerMethod.invokeForRequest(InvocableHandlerMethod.java:138)
	at org.springframework.web.servlet.mvc.method.annotation.ServletInvocableHandlerMethod.invokeAndHandle(ServletInvocableHandlerMethod.java:106)
	at org.springframework.web.servlet.mvc.method.annotation.RequestMappingHandlerAdapter.invokeHandlerMethod(RequestMappingHandlerAdapter.java:888)
	at org.springframework.web.servlet.mvc.method.annotation.RequestMappingHandlerAdapter.handleInternal(RequestMappingHandlerAdapter.java:793)
	at org.springframework.web.servlet.mvc.method.AbstractHandlerMethodAdapter.handle(AbstractHandlerMethodAdapter.java:87)
	at org.springframework.web.servlet.DispatcherServlet.doDispatch(DispatcherServlet.java:1040)
	at org.springframework.web.servlet.DispatcherServlet.doService(DispatcherServlet.java:943)
	at org.springframework.web.servlet.FrameworkServlet.processRequest(FrameworkServlet.java:1006)
	at org.springframework.web.servlet.FrameworkServlet.doPost(FrameworkServlet.java:909)
	at javax.servlet.http.HttpServlet.service(HttpServlet.java:660)
	at org.springframework.web.servlet.FrameworkServlet.service(FrameworkServlet.java:883)
	at javax.servlet.http.HttpServlet.service(HttpServlet.java:741)
	at org.apache.catalina.core.ApplicationFilterChain.internalDoFilter(ApplicationFilterChain.java:231)
	at org.apache.catalina.core.ApplicationFilterChain.doFilter(ApplicationFilterChain.java:166)
	at org.apache.tomcat.websocket.server.WsFilter.doFilter(WsFilter.java:53)
	at org.apache.catalina.core.ApplicationFilterChain.internalDoFilter(ApplicationFilterChain.java:193)
	at org.apache.catalina.core.ApplicationFilterChain.doFilter(ApplicationFilterChain.java:166)
	at com.tuozhi.zhlw.admin.config.CorsFilter.doFilter(CorsFilter.java:29)
	at org.apache.catalina.core.ApplicationFilterChain.internalDoFilter(ApplicationFilterChain.java:193)
	at org.apache.catalina.core.ApplicationFilterChain.doFilter(ApplicationFilterChain.java:166)
	at org.springframework.web.filter.CharacterEncodingFilter.doFilterInternal(CharacterEncodingFilter.java:201)
	at org.springframework.web.filter.OncePerRequestFilter.doFilter(OncePerRequestFilter.java:119)
	at org.apache.catalina.core.ApplicationFilterChain.internalDoFilter(ApplicationFilterChain.java:193)
	at org.apache.catalina.core.ApplicationFilterChain.doFilter(ApplicationFilterChain.java:166)
	at org.apache.catalina.core.StandardWrapperValve.invoke(StandardWrapperValve.java:202)
	at org.apache.catalina.core.StandardContextValve.invoke(StandardContextValve.java:96)
	at org.apache.catalina.authenticator.AuthenticatorBase.invoke(AuthenticatorBase.java:526)
	at org.apache.catalina.core.StandardHostValve.invoke(StandardHostValve.java:139)
	at org.apache.catalina.valves.ErrorReportValve.invoke(ErrorReportValve.java:92)
	at org.apache.catalina.core.StandardEngineValve.invoke(StandardEngineValve.java:74)
	at org.apache.catalina.connector.CoyoteAdapter.service(CoyoteAdapter.java:343)
	at org.apache.coyote.http11.Http11Processor.service(Http11Processor.java:367)
	at org.apache.coyote.AbstractProcessorLight.process(AbstractProcessorLight.java:65)
	at org.apache.coyote.AbstractProtocol$ConnectionHandler.process(AbstractProtocol.java:860)
	at org.apache.tomcat.util.net.NioEndpoint$SocketProcessor.doRun(NioEndpoint.java:1591)
	at org.apache.tomcat.util.net.SocketProcessorBase.run(SocketProcessorBase.java:49)
	at java.util.concurrent.ThreadPoolExecutor.runWorker(ThreadPoolExecutor.java:1142)
	at java.util.concurrent.ThreadPoolExecutor$Worker.run(ThreadPoolExecutor.java:617)
	at org.apache.tomcat.util.threads.TaskThread$WrappingRunnable.run(TaskThread.java:61)
	at java.lang.Thread.run(Thread.java:745)
2020/08/24-09:24:00 [http-nio-317-exec-2] ERROR org.apache.catalina.core.ContainerBase.[Tomcat].[localhost].[/].[dispatcherServlet]-[175] Servlet.service() for servlet [dispatcherServlet] in context with path [] threw exception [Request processing failed; nested exception is java.lang.NullPointerException] with root cause
java.lang.NullPointerException: null
	at com.tuozhi.zhlw.common.utils.CookieUtils.getCookie(CookieUtils.java:25)
	at com.tuozhi.zhlw.admin.controller.BaseController.getLoginUser(BaseController.java:34)
	at com.tuozhi.zhlw.admin.jcApp.config.SysLoginAspect.round(SysLoginAspect.java:43)
	at sun.reflect.NativeMethodAccessorImpl.invoke0(Native Method)
	at sun.reflect.NativeMethodAccessorImpl.invoke(NativeMethodAccessorImpl.java:62)
	at sun.reflect.DelegatingMethodAccessorImpl.invoke(DelegatingMethodAccessorImpl.java:43)
	at java.lang.reflect.Method.invoke(Method.java:498)
	at org.springframework.aop.aspectj.AbstractAspectJAdvice.invokeAdviceMethodWithGivenArgs(AbstractAspectJAdvice.java:644)
	at org.springframework.aop.aspectj.AbstractAspectJAdvice.invokeAdviceMethod(AbstractAspectJAdvice.java:633)
	at org.springframework.aop.aspectj.AspectJAroundAdvice.invoke(AspectJAroundAdvice.java:70)
	at org.springframework.aop.framework.ReflectiveMethodInvocation.proceed(ReflectiveMethodInvocation.java:186)
	at org.springframework.aop.framework.CglibAopProxy$CglibMethodInvocation.proceed(CglibAopProxy.java:747)
	at org.springframework.aop.interceptor.ExposeInvocationInterceptor.invoke(ExposeInvocationInterceptor.java:93)
	at org.springframework.aop.framework.ReflectiveMethodInvocation.proceed(ReflectiveMethodInvocation.java:186)
	at org.springframework.aop.framework.CglibAopProxy$CglibMethodInvocation.proceed(CglibAopProxy.java:747)
	at org.springframework.aop.framework.CglibAopProxy$DynamicAdvisedInterceptor.intercept(CglibAopProxy.java:689)
	at com.tuozhi.zhlw.admin.jcApp.controller.JCAppETCCardController$$EnhancerBySpringCGLIB$$adbe80e5.getStationByProvincename(<generated>)
	at sun.reflect.NativeMethodAccessorImpl.invoke0(Native Method)
	at sun.reflect.NativeMethodAccessorImpl.invoke(NativeMethodAccessorImpl.java:62)
	at sun.reflect.DelegatingMethodAccessorImpl.invoke(DelegatingMethodAccessorImpl.java:43)
	at java.lang.reflect.Method.invoke(Method.java:498)
	at org.springframework.web.method.support.InvocableHandlerMethod.doInvoke(InvocableHandlerMethod.java:190)
	at org.springframework.web.method.support.InvocableHandlerMethod.invokeForRequest(InvocableHandlerMethod.java:138)
	at org.springframework.web.servlet.mvc.method.annotation.ServletInvocableHandlerMethod.invokeAndHandle(ServletInvocableHandlerMethod.java:106)
	at org.springframework.web.servlet.mvc.method.annotation.RequestMappingHandlerAdapter.invokeHandlerMethod(RequestMappingHandlerAdapter.java:888)
	at org.springframework.web.servlet.mvc.method.annotation.RequestMappingHandlerAdapter.handleInternal(RequestMappingHandlerAdapter.java:793)
	at org.springframework.web.servlet.mvc.method.AbstractHandlerMethodAdapter.handle(AbstractHandlerMethodAdapter.java:87)
	at org.springframework.web.servlet.DispatcherServlet.doDispatch(DispatcherServlet.java:1040)
	at org.springframework.web.servlet.DispatcherServlet.doService(DispatcherServlet.java:943)
	at org.springframework.web.servlet.FrameworkServlet.processRequest(FrameworkServlet.java:1006)
	at org.springframework.web.servlet.FrameworkServlet.doPost(FrameworkServlet.java:909)
	at javax.servlet.http.HttpServlet.service(HttpServlet.java:660)
	at org.springframework.web.servlet.FrameworkServlet.service(FrameworkServlet.java:883)
	at javax.servlet.http.HttpServlet.service(HttpServlet.java:741)
	at org.apache.catalina.core.ApplicationFilterChain.internalDoFilter(ApplicationFilterChain.java:231)
	at org.apache.catalina.core.ApplicationFilterChain.doFilter(ApplicationFilterChain.java:166)
	at org.apache.tomcat.websocket.server.WsFilter.doFilter(WsFilter.java:53)
	at org.apache.catalina.core.ApplicationFilterChain.internalDoFilter(ApplicationFilterChain.java:193)
	at org.apache.catalina.core.ApplicationFilterChain.doFilter(ApplicationFilterChain.java:166)
	at com.tuozhi.zhlw.admin.config.CorsFilter.doFilter(CorsFilter.java:29)
	at org.apache.catalina.core.ApplicationFilterChain.internalDoFilter(ApplicationFilterChain.java:193)
	at org.apache.catalina.core.ApplicationFilterChain.doFilter(ApplicationFilterChain.java:166)
	at org.springframework.web.filter.CharacterEncodingFilter.doFilterInternal(CharacterEncodingFilter.java:201)
	at org.springframework.web.filter.OncePerRequestFilter.doFilter(OncePerRequestFilter.java:119)
	at org.apache.catalina.core.ApplicationFilterChain.internalDoFilter(ApplicationFilterChain.java:193)
	at org.apache.catalina.core.ApplicationFilterChain.doFilter(ApplicationFilterChain.java:166)
	at org.apache.catalina.core.StandardWrapperValve.invoke(StandardWrapperValve.java:202)
	at org.apache.catalina.core.StandardContextValve.invoke(StandardContextValve.java:96)
	at org.apache.catalina.authenticator.AuthenticatorBase.invoke(AuthenticatorBase.java:526)
	at org.apache.catalina.core.StandardHostValve.invoke(StandardHostValve.java:139)
	at org.apache.catalina.valves.ErrorReportValve.invoke(ErrorReportValve.java:92)
	at org.apache.catalina.core.StandardEngineValve.invoke(StandardEngineValve.java:74)
	at org.apache.catalina.connector.CoyoteAdapter.service(CoyoteAdapter.java:343)
	at org.apache.coyote.http11.Http11Processor.service(Http11Processor.java:367)
	at org.apache.coyote.AbstractProcessorLight.process(AbstractProcessorLight.java:65)
	at org.apache.coyote.AbstractProtocol$ConnectionHandler.process(AbstractProtocol.java:860)
	at org.apache.tomcat.util.net.NioEndpoint$SocketProcessor.doRun(NioEndpoint.java:1591)
	at org.apache.tomcat.util.net.SocketProcessorBase.run(SocketProcessorBase.java:49)
	at java.util.concurrent.ThreadPoolExecutor.runWorker(ThreadPoolExecutor.java:1142)
	at java.util.concurrent.ThreadPoolExecutor$Worker.run(ThreadPoolExecutor.java:617)
	at org.apache.tomcat.util.threads.TaskThread$WrappingRunnable.run(TaskThread.java:61)
	at java.lang.Thread.run(Thread.java:745)
2020/08/24-09:24:49 [SpringContextShutdownHook] INFO  org.springframework.scheduling.concurrent.ThreadPoolTaskScheduler-[208] Shutting down ExecutorService 'taskScheduler'
2020/08/24-09:24:49 [SpringContextShutdownHook] INFO  org.springframework.orm.jpa.LocalContainerEntityManagerFactoryBean-[598] Closing JPA EntityManagerFactory for persistence unit 'default'
2020/08/24-09:24:49 [SpringContextShutdownHook] INFO  com.alibaba.druid.pool.DruidDataSource-[1965] {dataSource-1} closing ...
2020/08/24-09:24:49 [SpringContextShutdownHook] INFO  com.alibaba.druid.pool.DruidDataSource-[2037] {dataSource-1} closed
2020/08/24-09:24:55 [main] INFO  com.tuozhi.zhlw.admin.MyApplication-[55] Starting MyApplication on tz002-PC with PID 2552 (D:\JCAPP\cd-zhlw\cd-zhlw-web-admin\target\classes started by tz008 in D:\JCAPP\cd-zhlw)
2020/08/24-09:24:55 [main] DEBUG com.tuozhi.zhlw.admin.MyApplication-[56] Running with Spring Boot v2.2.2.RELEASE, Spring v5.2.2.RELEASE
2020/08/24-09:24:55 [main] INFO  com.tuozhi.zhlw.admin.MyApplication-[655] The following profiles are active: dev
2020/08/24-09:24:56 [main] INFO  org.springframework.data.repository.config.RepositoryConfigurationDelegate-[249] Multiple Spring Data modules found, entering strict repository configuration mode!
2020/08/24-09:24:56 [main] INFO  org.springframework.data.repository.config.RepositoryConfigurationDelegate-[127] Bootstrapping Spring Data JPA repositories in DEFAULT mode.
2020/08/24-09:24:56 [main] INFO  org.springframework.data.repository.config.RepositoryConfigurationDelegate-[187] Finished Spring Data repository scanning in 68ms. Found 3 JPA repository interfaces.
2020/08/24-09:24:56 [main] WARN  tk.mybatis.spring.mapper.ClassPathMapperScanner-[225] Skipping MapperFactoryBean with name 'ETCMapper' and 'com.tuozhi.zhlw.admin.tjportrefund.mapper.ETCMapper' mapperInterface. Bean already defined with the same name!
2020/08/24-09:24:56 [main] WARN  tk.mybatis.spring.mapper.ClassPathMapperScanner-[225] Skipping MapperFactoryBean with name 'MTCMapper' and 'com.tuozhi.zhlw.admin.tjportrefund.mapper.MTCMapper' mapperInterface. Bean already defined with the same name!
2020/08/24-09:24:56 [main] WARN  org.mybatis.spring.mapper.ClassPathMapperScanner-[239] Skipping MapperFactoryBean with name 'workFlowNodeMapper' and 'com.tuozhi.zhlw.admin.jc.mapper.WorkFlowNodeMapper' mapperInterface. Bean already defined with the same name!
2020/08/24-09:24:56 [main] WARN  org.mybatis.spring.mapper.ClassPathMapperScanner-[166] No MyBatis mapper was found in '[com.tuozhi.zhlw.admin]' package. Please check your configuration.
2020/08/24-09:24:56 [main] INFO  org.springframework.data.repository.config.RepositoryConfigurationDelegate-[249] Multiple Spring Data modules found, entering strict repository configuration mode!
2020/08/24-09:24:56 [main] INFO  org.springframework.data.repository.config.RepositoryConfigurationDelegate-[127] Bootstrapping Spring Data Redis repositories in DEFAULT mode.
2020/08/24-09:24:56 [main] INFO  org.springframework.data.repository.config.RepositoryConfigurationExtensionSupport-[348] Spring Data Redis - Could not safely identify store assignment for repository candidate interface com.tuozhi.zhlw.admin.dao.SysAppDao. If you want this repository to be a Redis repository, consider annotating your entities with one of these annotations: org.springframework.data.redis.core.RedisHash (preferred), or consider extending one of the following types with your repository: org.springframework.data.keyvalue.repository.KeyValueRepository.
2020/08/24-09:24:56 [main] INFO  org.springframework.data.repository.config.RepositoryConfigurationExtensionSupport-[348] Spring Data Redis - Could not safely identify store assignment for repository candidate interface com.tuozhi.zhlw.admin.dao.SysLogDao. If you want this repository to be a Redis repository, consider annotating your entities with one of these annotations: org.springframework.data.redis.core.RedisHash (preferred), or consider extending one of the following types with your repository: org.springframework.data.keyvalue.repository.KeyValueRepository.
2020/08/24-09:24:56 [main] INFO  org.springframework.data.repository.config.RepositoryConfigurationExtensionSupport-[348] Spring Data Redis - Could not safely identify store assignment for repository candidate interface com.tuozhi.zhlw.admin.dao.SysMenuDao. If you want this repository to be a Redis repository, consider annotating your entities with one of these annotations: org.springframework.data.redis.core.RedisHash (preferred), or consider extending one of the following types with your repository: org.springframework.data.keyvalue.repository.KeyValueRepository.
2020/08/24-09:24:56 [main] INFO  org.springframework.data.repository.config.RepositoryConfigurationDelegate-[187] Finished Spring Data repository scanning in 91ms. Found 0 Redis repository interfaces.
2020/08/24-09:24:57 [main] INFO  org.springframework.context.support.PostProcessorRegistrationDelegate$BeanPostProcessorChecker-[330] Bean 'org.springframework.transaction.annotation.ProxyTransactionManagementConfiguration' of type [org.springframework.transaction.annotation.ProxyTransactionManagementConfiguration] is not eligible for getting processed by all BeanPostProcessors (for example: not eligible for auto-proxying)
2020/08/24-09:24:57 [main] INFO  org.springframework.boot.web.embedded.tomcat.TomcatWebServer-[92] Tomcat initialized with port(s): 317 (http)
2020/08/24-09:24:57 [main] INFO  org.apache.coyote.http11.Http11NioProtocol-[173] Initializing ProtocolHandler ["http-nio-317"]
2020/08/24-09:24:57 [main] INFO  org.apache.catalina.core.StandardService-[173] Starting service [Tomcat]
2020/08/24-09:24:57 [main] INFO  org.apache.catalina.core.StandardEngine-[173] Starting Servlet engine: [Apache Tomcat/9.0.29]
2020/08/24-09:24:58 [main] INFO  org.apache.jasper.servlet.TldScanner-[173] At least one JAR was scanned for TLDs yet contained no TLDs. Enable debug logging for this logger for a complete list of JARs that were scanned but no TLDs were found in them. Skipping unneeded JARs during scanning can improve startup time and JSP compilation time.
2020/08/24-09:24:58 [main] INFO  org.apache.catalina.core.ContainerBase.[Tomcat].[localhost].[/]-[173] Initializing Spring embedded WebApplicationContext
2020/08/24-09:24:58 [main] INFO  org.springframework.web.context.ContextLoader-[284] Root WebApplicationContext: initialization completed in 3028 ms
2020/08/24-09:24:58 [main] INFO  org.springframework.boot.web.servlet.RegistrationBean-[110] Filter characterEncodingFilter was not registered (possibly already registered?)
2020/08/24-09:24:58 [main] INFO  com.alibaba.druid.spring.boot.autoconfigure.DruidDataSourceAutoConfigure-[56] Init DruidDataSource
2020/08/24-09:24:58 [main] WARN  com.alibaba.druid.pool.DruidAbstractDataSource-[1216] oracle.jdbc.driver.OracleDriver is deprecated.Having use oracle.jdbc.OracleDriver.
2020/08/24-09:25:00 [main] INFO  com.alibaba.druid.pool.DruidDataSource-[1003] {dataSource-1} inited
2020/08/24-09:25:00 [main] INFO  org.hibernate.jpa.internal.util.LogHelper-[31] HHH000204: Processing PersistenceUnitInfo [name: default]
2020/08/24-09:25:00 [main] INFO  org.hibernate.Version-[46] HHH000412: Hibernate Core {5.4.9.Final}
2020/08/24-09:25:00 [main] INFO  org.hibernate.annotations.common.Version-[66] HCANN000001: Hibernate Commons Annotations {5.0.1.Final}
2020/08/24-09:25:00 [main] INFO  org.hibernate.dialect.Dialect-[172] HHH000400: Using dialect: org.hibernate.dialect.Oracle10gDialect
2020/08/24-09:25:03 [main] INFO  org.hibernate.engine.transaction.jta.platform.internal.JtaPlatformInitiator-[52] HHH000490: Using JtaPlatform implementation: [org.hibernate.engine.transaction.jta.platform.internal.NoJtaPlatform]
2020/08/24-09:25:03 [main] INFO  org.springframework.orm.jpa.LocalContainerEntityManagerFactoryBean-[416] Initialized JPA EntityManagerFactory for persistence unit 'default'
2020/08/24-09:25:04 [main] WARN  org.springframework.boot.web.servlet.context.AnnotationConfigServletWebServerApplicationContext-[558] Exception encountered during context initialization - cancelling refresh attempt: org.springframework.beans.factory.BeanCreationException: Error creating bean with name 'sysLoginAspect' defined in file [D:\JCAPP\cd-zhlw\cd-zhlw-web-admin\target\classes\com\tuozhi\zhlw\admin\aspect\SysLoginAspect.class]: Instantiation of bean failed; nested exception is org.springframework.beans.BeanInstantiationException: Failed to instantiate [com.tuozhi.zhlw.admin.jcApp.config.SysLoginAspect]: Constructor threw exception; nested exception is java.lang.NullPointerException
2020/08/24-09:25:04 [main] INFO  org.springframework.orm.jpa.LocalContainerEntityManagerFactoryBean-[598] Closing JPA EntityManagerFactory for persistence unit 'default'
2020/08/24-09:25:04 [main] INFO  com.alibaba.druid.pool.DruidDataSource-[1965] {dataSource-1} closing ...
2020/08/24-09:25:04 [main] INFO  com.alibaba.druid.pool.DruidDataSource-[2037] {dataSource-1} closed
2020/08/24-09:25:04 [main] INFO  org.apache.catalina.core.StandardService-[173] Stopping service [Tomcat]
2020/08/24-09:25:04 [main] INFO  org.springframework.boot.autoconfigure.logging.ConditionEvaluationReportLoggingListener-[136] 

Error starting ApplicationContext. To display the conditions report re-run your application with 'debug' enabled.
2020/08/24-09:25:04 [main] ERROR org.springframework.boot.SpringApplication-[826] Application run failed
org.springframework.beans.factory.BeanCreationException: Error creating bean with name 'sysLoginAspect' defined in file [D:\JCAPP\cd-zhlw\cd-zhlw-web-admin\target\classes\com\tuozhi\zhlw\admin\aspect\SysLoginAspect.class]: Instantiation of bean failed; nested exception is org.springframework.beans.BeanInstantiationException: Failed to instantiate [com.tuozhi.zhlw.admin.jcApp.config.SysLoginAspect]: Constructor threw exception; nested exception is java.lang.NullPointerException
	at org.springframework.beans.factory.support.AbstractAutowireCapableBeanFactory.instantiateBean(AbstractAutowireCapableBeanFactory.java:1320)
	at org.springframework.beans.factory.support.AbstractAutowireCapableBeanFactory.createBeanInstance(AbstractAutowireCapableBeanFactory.java:1214)
	at org.springframework.beans.factory.support.AbstractAutowireCapableBeanFactory.doCreateBean(AbstractAutowireCapableBeanFactory.java:557)
	at org.springframework.beans.factory.support.AbstractAutowireCapableBeanFactory.createBean(AbstractAutowireCapableBeanFactory.java:517)
	at org.springframework.beans.factory.support.AbstractBeanFactory.lambda$doGetBean$0(AbstractBeanFactory.java:323)
	at org.springframework.beans.factory.support.DefaultSingletonBeanRegistry.getSingleton(DefaultSingletonBeanRegistry.java:222)
	at org.springframework.beans.factory.support.AbstractBeanFactory.doGetBean(AbstractBeanFactory.java:321)
	at org.springframework.beans.factory.support.AbstractBeanFactory.getBean(AbstractBeanFactory.java:202)
	at org.springframework.beans.factory.support.DefaultListableBeanFactory.preInstantiateSingletons(DefaultListableBeanFactory.java:879)
	at org.springframework.context.support.AbstractApplicationContext.finishBeanFactoryInitialization(AbstractApplicationContext.java:878)
	at org.springframework.context.support.AbstractApplicationContext.refresh(AbstractApplicationContext.java:550)
	at org.springframework.boot.web.servlet.context.ServletWebServerApplicationContext.refresh(ServletWebServerApplicationContext.java:141)
	at org.springframework.boot.SpringApplication.refresh(SpringApplication.java:747)
	at org.springframework.boot.SpringApplication.refreshContext(SpringApplication.java:397)
	at org.springframework.boot.SpringApplication.run(SpringApplication.java:315)
	at org.springframework.boot.SpringApplication.run(SpringApplication.java:1226)
	at org.springframework.boot.SpringApplication.run(SpringApplication.java:1215)
	at com.tuozhi.zhlw.admin.MyApplication.main(MyApplication.java:34)
Caused by: org.springframework.beans.BeanInstantiationException: Failed to instantiate [com.tuozhi.zhlw.admin.jcApp.config.SysLoginAspect]: Constructor threw exception; nested exception is java.lang.NullPointerException
	at org.springframework.beans.BeanUtils.instantiateClass(BeanUtils.java:213)
	at org.springframework.beans.factory.support.SimpleInstantiationStrategy.instantiate(SimpleInstantiationStrategy.java:87)
	at org.springframework.beans.factory.support.AbstractAutowireCapableBeanFactory.instantiateBean(AbstractAutowireCapableBeanFactory.java:1312)
	... 17 common frames omitted
Caused by: java.lang.NullPointerException: null
	at com.tuozhi.zhlw.admin.jcApp.config.SysLoginAspect.<init>(SysLoginAspect.java:26)
	at sun.reflect.NativeConstructorAccessorImpl.newInstance0(Native Method)
	at sun.reflect.NativeConstructorAccessorImpl.newInstance(NativeConstructorAccessorImpl.java:62)
	at sun.reflect.DelegatingConstructorAccessorImpl.newInstance(DelegatingConstructorAccessorImpl.java:45)
	at java.lang.reflect.Constructor.newInstance(Constructor.java:423)
	at org.springframework.beans.BeanUtils.instantiateClass(BeanUtils.java:200)
	... 19 common frames omitted
2020/08/24-09:25:53 [main] INFO  com.tuozhi.zhlw.admin.MyApplication-[55] Starting MyApplication on tz002-PC with PID 9428 (D:\JCAPP\cd-zhlw\cd-zhlw-web-admin\target\classes started by tz008 in D:\JCAPP\cd-zhlw)
2020/08/24-09:25:53 [main] DEBUG com.tuozhi.zhlw.admin.MyApplication-[56] Running with Spring Boot v2.2.2.RELEASE, Spring v5.2.2.RELEASE
2020/08/24-09:25:53 [main] INFO  com.tuozhi.zhlw.admin.MyApplication-[655] The following profiles are active: dev
2020/08/24-09:25:54 [main] INFO  org.springframework.data.repository.config.RepositoryConfigurationDelegate-[249] Multiple Spring Data modules found, entering strict repository configuration mode!
2020/08/24-09:25:54 [main] INFO  org.springframework.data.repository.config.RepositoryConfigurationDelegate-[127] Bootstrapping Spring Data JPA repositories in DEFAULT mode.
2020/08/24-09:25:54 [main] INFO  org.springframework.data.repository.config.RepositoryConfigurationDelegate-[187] Finished Spring Data repository scanning in 67ms. Found 3 JPA repository interfaces.
2020/08/24-09:25:54 [main] WARN  tk.mybatis.spring.mapper.ClassPathMapperScanner-[225] Skipping MapperFactoryBean with name 'ETCMapper' and 'com.tuozhi.zhlw.admin.tjportrefund.mapper.ETCMapper' mapperInterface. Bean already defined with the same name!
2020/08/24-09:25:54 [main] WARN  tk.mybatis.spring.mapper.ClassPathMapperScanner-[225] Skipping MapperFactoryBean with name 'MTCMapper' and 'com.tuozhi.zhlw.admin.tjportrefund.mapper.MTCMapper' mapperInterface. Bean already defined with the same name!
2020/08/24-09:25:54 [main] WARN  org.mybatis.spring.mapper.ClassPathMapperScanner-[239] Skipping MapperFactoryBean with name 'workFlowNodeMapper' and 'com.tuozhi.zhlw.admin.jc.mapper.WorkFlowNodeMapper' mapperInterface. Bean already defined with the same name!
2020/08/24-09:25:54 [main] WARN  org.mybatis.spring.mapper.ClassPathMapperScanner-[166] No MyBatis mapper was found in '[com.tuozhi.zhlw.admin]' package. Please check your configuration.
2020/08/24-09:25:54 [main] INFO  org.springframework.data.repository.config.RepositoryConfigurationDelegate-[249] Multiple Spring Data modules found, entering strict repository configuration mode!
2020/08/24-09:25:54 [main] INFO  org.springframework.data.repository.config.RepositoryConfigurationDelegate-[127] Bootstrapping Spring Data Redis repositories in DEFAULT mode.
2020/08/24-09:25:54 [main] INFO  org.springframework.data.repository.config.RepositoryConfigurationExtensionSupport-[348] Spring Data Redis - Could not safely identify store assignment for repository candidate interface com.tuozhi.zhlw.admin.dao.SysAppDao. If you want this repository to be a Redis repository, consider annotating your entities with one of these annotations: org.springframework.data.redis.core.RedisHash (preferred), or consider extending one of the following types with your repository: org.springframework.data.keyvalue.repository.KeyValueRepository.
2020/08/24-09:25:54 [main] INFO  org.springframework.data.repository.config.RepositoryConfigurationExtensionSupport-[348] Spring Data Redis - Could not safely identify store assignment for repository candidate interface com.tuozhi.zhlw.admin.dao.SysLogDao. If you want this repository to be a Redis repository, consider annotating your entities with one of these annotations: org.springframework.data.redis.core.RedisHash (preferred), or consider extending one of the following types with your repository: org.springframework.data.keyvalue.repository.KeyValueRepository.
2020/08/24-09:25:54 [main] INFO  org.springframework.data.repository.config.RepositoryConfigurationExtensionSupport-[348] Spring Data Redis - Could not safely identify store assignment for repository candidate interface com.tuozhi.zhlw.admin.dao.SysMenuDao. If you want this repository to be a Redis repository, consider annotating your entities with one of these annotations: org.springframework.data.redis.core.RedisHash (preferred), or consider extending one of the following types with your repository: org.springframework.data.keyvalue.repository.KeyValueRepository.
2020/08/24-09:25:54 [main] INFO  org.springframework.data.repository.config.RepositoryConfigurationDelegate-[187] Finished Spring Data repository scanning in 92ms. Found 0 Redis repository interfaces.
2020/08/24-09:25:55 [main] INFO  org.springframework.context.support.PostProcessorRegistrationDelegate$BeanPostProcessorChecker-[330] Bean 'org.springframework.transaction.annotation.ProxyTransactionManagementConfiguration' of type [org.springframework.transaction.annotation.ProxyTransactionManagementConfiguration] is not eligible for getting processed by all BeanPostProcessors (for example: not eligible for auto-proxying)
2020/08/24-09:25:55 [main] INFO  org.springframework.boot.web.embedded.tomcat.TomcatWebServer-[92] Tomcat initialized with port(s): 317 (http)
2020/08/24-09:25:55 [main] INFO  org.apache.coyote.http11.Http11NioProtocol-[173] Initializing ProtocolHandler ["http-nio-317"]
2020/08/24-09:25:55 [main] INFO  org.apache.catalina.core.StandardService-[173] Starting service [Tomcat]
2020/08/24-09:25:55 [main] INFO  org.apache.catalina.core.StandardEngine-[173] Starting Servlet engine: [Apache Tomcat/9.0.29]
2020/08/24-09:25:56 [main] INFO  org.apache.jasper.servlet.TldScanner-[173] At least one JAR was scanned for TLDs yet contained no TLDs. Enable debug logging for this logger for a complete list of JARs that were scanned but no TLDs were found in them. Skipping unneeded JARs during scanning can improve startup time and JSP compilation time.
2020/08/24-09:25:56 [main] INFO  org.apache.catalina.core.ContainerBase.[Tomcat].[localhost].[/]-[173] Initializing Spring embedded WebApplicationContext
2020/08/24-09:25:56 [main] INFO  org.springframework.web.context.ContextLoader-[284] Root WebApplicationContext: initialization completed in 2786 ms
2020/08/24-09:25:56 [main] INFO  org.springframework.boot.web.servlet.RegistrationBean-[110] Filter characterEncodingFilter was not registered (possibly already registered?)
2020/08/24-09:25:56 [main] INFO  com.alibaba.druid.spring.boot.autoconfigure.DruidDataSourceAutoConfigure-[56] Init DruidDataSource
2020/08/24-09:25:56 [main] WARN  com.alibaba.druid.pool.DruidAbstractDataSource-[1216] oracle.jdbc.driver.OracleDriver is deprecated.Having use oracle.jdbc.OracleDriver.
2020/08/24-09:25:57 [main] INFO  com.alibaba.druid.pool.DruidDataSource-[1003] {dataSource-1} inited
2020/08/24-09:25:58 [main] INFO  org.hibernate.jpa.internal.util.LogHelper-[31] HHH000204: Processing PersistenceUnitInfo [name: default]
2020/08/24-09:25:58 [main] INFO  org.hibernate.Version-[46] HHH000412: Hibernate Core {5.4.9.Final}
2020/08/24-09:25:58 [main] INFO  org.hibernate.annotations.common.Version-[66] HCANN000001: Hibernate Commons Annotations {5.0.1.Final}
2020/08/24-09:25:58 [main] INFO  org.hibernate.dialect.Dialect-[172] HHH000400: Using dialect: org.hibernate.dialect.Oracle10gDialect
2020/08/24-09:26:01 [main] INFO  org.hibernate.engine.transaction.jta.platform.internal.JtaPlatformInitiator-[52] HHH000490: Using JtaPlatform implementation: [org.hibernate.engine.transaction.jta.platform.internal.NoJtaPlatform]
2020/08/24-09:26:01 [main] INFO  org.springframework.orm.jpa.LocalContainerEntityManagerFactoryBean-[416] Initialized JPA EntityManagerFactory for persistence unit 'default'
2020/08/24-09:26:02 [main] WARN  org.springframework.boot.web.servlet.context.AnnotationConfigServletWebServerApplicationContext-[558] Exception encountered during context initialization - cancelling refresh attempt: org.springframework.beans.factory.BeanCreationException: Error creating bean with name 'sysLoginAspect' defined in file [D:\JCAPP\cd-zhlw\cd-zhlw-web-admin\target\classes\com\tuozhi\zhlw\admin\aspect\SysLoginAspect.class]: Instantiation of bean failed; nested exception is org.springframework.beans.BeanInstantiationException: Failed to instantiate [com.tuozhi.zhlw.admin.jcApp.config.SysLoginAspect]: Constructor threw exception; nested exception is java.lang.NullPointerException
2020/08/24-09:26:02 [main] INFO  org.springframework.orm.jpa.LocalContainerEntityManagerFactoryBean-[598] Closing JPA EntityManagerFactory for persistence unit 'default'
2020/08/24-09:26:02 [main] INFO  com.alibaba.druid.pool.DruidDataSource-[1965] {dataSource-1} closing ...
2020/08/24-09:26:02 [main] INFO  com.alibaba.druid.pool.DruidDataSource-[2037] {dataSource-1} closed
2020/08/24-09:26:02 [main] INFO  org.apache.catalina.core.StandardService-[173] Stopping service [Tomcat]
2020/08/24-09:26:02 [main] INFO  org.springframework.boot.autoconfigure.logging.ConditionEvaluationReportLoggingListener-[136] 

Error starting ApplicationContext. To display the conditions report re-run your application with 'debug' enabled.
2020/08/24-09:26:02 [main] ERROR org.springframework.boot.SpringApplication-[826] Application run failed
org.springframework.beans.factory.BeanCreationException: Error creating bean with name 'sysLoginAspect' defined in file [D:\JCAPP\cd-zhlw\cd-zhlw-web-admin\target\classes\com\tuozhi\zhlw\admin\aspect\SysLoginAspect.class]: Instantiation of bean failed; nested exception is org.springframework.beans.BeanInstantiationException: Failed to instantiate [com.tuozhi.zhlw.admin.jcApp.config.SysLoginAspect]: Constructor threw exception; nested exception is java.lang.NullPointerException
	at org.springframework.beans.factory.support.AbstractAutowireCapableBeanFactory.instantiateBean(AbstractAutowireCapableBeanFactory.java:1320)
	at org.springframework.beans.factory.support.AbstractAutowireCapableBeanFactory.createBeanInstance(AbstractAutowireCapableBeanFactory.java:1214)
	at org.springframework.beans.factory.support.AbstractAutowireCapableBeanFactory.doCreateBean(AbstractAutowireCapableBeanFactory.java:557)
	at org.springframework.beans.factory.support.AbstractAutowireCapableBeanFactory.createBean(AbstractAutowireCapableBeanFactory.java:517)
	at org.springframework.beans.factory.support.AbstractBeanFactory.lambda$doGetBean$0(AbstractBeanFactory.java:323)
	at org.springframework.beans.factory.support.DefaultSingletonBeanRegistry.getSingleton(DefaultSingletonBeanRegistry.java:222)
	at org.springframework.beans.factory.support.AbstractBeanFactory.doGetBean(AbstractBeanFactory.java:321)
	at org.springframework.beans.factory.support.AbstractBeanFactory.getBean(AbstractBeanFactory.java:202)
	at org.springframework.beans.factory.support.DefaultListableBeanFactory.preInstantiateSingletons(DefaultListableBeanFactory.java:879)
	at org.springframework.context.support.AbstractApplicationContext.finishBeanFactoryInitialization(AbstractApplicationContext.java:878)
	at org.springframework.context.support.AbstractApplicationContext.refresh(AbstractApplicationContext.java:550)
	at org.springframework.boot.web.servlet.context.ServletWebServerApplicationContext.refresh(ServletWebServerApplicationContext.java:141)
	at org.springframework.boot.SpringApplication.refresh(SpringApplication.java:747)
	at org.springframework.boot.SpringApplication.refreshContext(SpringApplication.java:397)
	at org.springframework.boot.SpringApplication.run(SpringApplication.java:315)
	at org.springframework.boot.SpringApplication.run(SpringApplication.java:1226)
	at org.springframework.boot.SpringApplication.run(SpringApplication.java:1215)
	at com.tuozhi.zhlw.admin.MyApplication.main(MyApplication.java:34)
Caused by: org.springframework.beans.BeanInstantiationException: Failed to instantiate [com.tuozhi.zhlw.admin.jcApp.config.SysLoginAspect]: Constructor threw exception; nested exception is java.lang.NullPointerException
	at org.springframework.beans.BeanUtils.instantiateClass(BeanUtils.java:213)
	at org.springframework.beans.factory.support.SimpleInstantiationStrategy.instantiate(SimpleInstantiationStrategy.java:87)
	at org.springframework.beans.factory.support.AbstractAutowireCapableBeanFactory.instantiateBean(AbstractAutowireCapableBeanFactory.java:1312)
	... 17 common frames omitted
Caused by: java.lang.NullPointerException: null
	at com.tuozhi.zhlw.admin.jcApp.config.SysLoginAspect.<init>(SysLoginAspect.java:26)
	at sun.reflect.NativeConstructorAccessorImpl.newInstance0(Native Method)
	at sun.reflect.NativeConstructorAccessorImpl.newInstance(NativeConstructorAccessorImpl.java:62)
	at sun.reflect.DelegatingConstructorAccessorImpl.newInstance(DelegatingConstructorAccessorImpl.java:45)
	at java.lang.reflect.Constructor.newInstance(Constructor.java:423)
	at org.springframework.beans.BeanUtils.instantiateClass(BeanUtils.java:200)
	... 19 common frames omitted
2020/08/24-09:26:20 [main] INFO  com.tuozhi.zhlw.admin.MyApplication-[55] Starting MyApplication on tz002-PC with PID 10152 (D:\JCAPP\cd-zhlw\cd-zhlw-web-admin\target\classes started by tz008 in D:\JCAPP\cd-zhlw)
2020/08/24-09:26:20 [main] DEBUG com.tuozhi.zhlw.admin.MyApplication-[56] Running with Spring Boot v2.2.2.RELEASE, Spring v5.2.2.RELEASE
2020/08/24-09:26:20 [main] INFO  com.tuozhi.zhlw.admin.MyApplication-[655] The following profiles are active: dev
2020/08/24-09:26:21 [main] INFO  org.springframework.data.repository.config.RepositoryConfigurationDelegate-[249] Multiple Spring Data modules found, entering strict repository configuration mode!
2020/08/24-09:26:21 [main] INFO  org.springframework.data.repository.config.RepositoryConfigurationDelegate-[127] Bootstrapping Spring Data JPA repositories in DEFAULT mode.
2020/08/24-09:26:21 [main] INFO  org.springframework.data.repository.config.RepositoryConfigurationDelegate-[187] Finished Spring Data repository scanning in 68ms. Found 3 JPA repository interfaces.
2020/08/24-09:26:21 [main] WARN  tk.mybatis.spring.mapper.ClassPathMapperScanner-[225] Skipping MapperFactoryBean with name 'ETCMapper' and 'com.tuozhi.zhlw.admin.tjportrefund.mapper.ETCMapper' mapperInterface. Bean already defined with the same name!
2020/08/24-09:26:21 [main] WARN  tk.mybatis.spring.mapper.ClassPathMapperScanner-[225] Skipping MapperFactoryBean with name 'MTCMapper' and 'com.tuozhi.zhlw.admin.tjportrefund.mapper.MTCMapper' mapperInterface. Bean already defined with the same name!
2020/08/24-09:26:21 [main] WARN  org.mybatis.spring.mapper.ClassPathMapperScanner-[239] Skipping MapperFactoryBean with name 'workFlowNodeMapper' and 'com.tuozhi.zhlw.admin.jc.mapper.WorkFlowNodeMapper' mapperInterface. Bean already defined with the same name!
2020/08/24-09:26:21 [main] WARN  org.mybatis.spring.mapper.ClassPathMapperScanner-[166] No MyBatis mapper was found in '[com.tuozhi.zhlw.admin]' package. Please check your configuration.
2020/08/24-09:26:21 [main] INFO  org.springframework.data.repository.config.RepositoryConfigurationDelegate-[249] Multiple Spring Data modules found, entering strict repository configuration mode!
2020/08/24-09:26:21 [main] INFO  org.springframework.data.repository.config.RepositoryConfigurationDelegate-[127] Bootstrapping Spring Data Redis repositories in DEFAULT mode.
2020/08/24-09:26:21 [main] INFO  org.springframework.data.repository.config.RepositoryConfigurationExtensionSupport-[348] Spring Data Redis - Could not safely identify store assignment for repository candidate interface com.tuozhi.zhlw.admin.dao.SysAppDao. If you want this repository to be a Redis repository, consider annotating your entities with one of these annotations: org.springframework.data.redis.core.RedisHash (preferred), or consider extending one of the following types with your repository: org.springframework.data.keyvalue.repository.KeyValueRepository.
2020/08/24-09:26:21 [main] INFO  org.springframework.data.repository.config.RepositoryConfigurationExtensionSupport-[348] Spring Data Redis - Could not safely identify store assignment for repository candidate interface com.tuozhi.zhlw.admin.dao.SysLogDao. If you want this repository to be a Redis repository, consider annotating your entities with one of these annotations: org.springframework.data.redis.core.RedisHash (preferred), or consider extending one of the following types with your repository: org.springframework.data.keyvalue.repository.KeyValueRepository.
2020/08/24-09:26:21 [main] INFO  org.springframework.data.repository.config.RepositoryConfigurationExtensionSupport-[348] Spring Data Redis - Could not safely identify store assignment for repository candidate interface com.tuozhi.zhlw.admin.dao.SysMenuDao. If you want this repository to be a Redis repository, consider annotating your entities with one of these annotations: org.springframework.data.redis.core.RedisHash (preferred), or consider extending one of the following types with your repository: org.springframework.data.keyvalue.repository.KeyValueRepository.
2020/08/24-09:26:21 [main] INFO  org.springframework.data.repository.config.RepositoryConfigurationDelegate-[187] Finished Spring Data repository scanning in 93ms. Found 0 Redis repository interfaces.
2020/08/24-09:26:22 [main] INFO  org.springframework.context.support.PostProcessorRegistrationDelegate$BeanPostProcessorChecker-[330] Bean 'org.springframework.transaction.annotation.ProxyTransactionManagementConfiguration' of type [org.springframework.transaction.annotation.ProxyTransactionManagementConfiguration] is not eligible for getting processed by all BeanPostProcessors (for example: not eligible for auto-proxying)
2020/08/24-09:26:22 [main] INFO  org.springframework.boot.web.embedded.tomcat.TomcatWebServer-[92] Tomcat initialized with port(s): 317 (http)
2020/08/24-09:26:22 [main] INFO  org.apache.coyote.http11.Http11NioProtocol-[173] Initializing ProtocolHandler ["http-nio-317"]
2020/08/24-09:26:22 [main] INFO  org.apache.catalina.core.StandardService-[173] Starting service [Tomcat]
2020/08/24-09:26:22 [main] INFO  org.apache.catalina.core.StandardEngine-[173] Starting Servlet engine: [Apache Tomcat/9.0.29]
2020/08/24-09:26:22 [main] INFO  org.apache.jasper.servlet.TldScanner-[173] At least one JAR was scanned for TLDs yet contained no TLDs. Enable debug logging for this logger for a complete list of JARs that were scanned but no TLDs were found in them. Skipping unneeded JARs during scanning can improve startup time and JSP compilation time.
2020/08/24-09:26:22 [main] INFO  org.apache.catalina.core.ContainerBase.[Tomcat].[localhost].[/]-[173] Initializing Spring embedded WebApplicationContext
2020/08/24-09:26:22 [main] INFO  org.springframework.web.context.ContextLoader-[284] Root WebApplicationContext: initialization completed in 2736 ms
2020/08/24-09:26:22 [main] INFO  org.springframework.boot.web.servlet.RegistrationBean-[110] Filter characterEncodingFilter was not registered (possibly already registered?)
2020/08/24-09:26:23 [main] INFO  com.alibaba.druid.spring.boot.autoconfigure.DruidDataSourceAutoConfigure-[56] Init DruidDataSource
2020/08/24-09:26:23 [main] WARN  com.alibaba.druid.pool.DruidAbstractDataSource-[1216] oracle.jdbc.driver.OracleDriver is deprecated.Having use oracle.jdbc.OracleDriver.
2020/08/24-09:26:24 [main] INFO  com.alibaba.druid.pool.DruidDataSource-[1003] {dataSource-1} inited
2020/08/24-09:26:24 [main] INFO  org.hibernate.jpa.internal.util.LogHelper-[31] HHH000204: Processing PersistenceUnitInfo [name: default]
2020/08/24-09:26:24 [main] INFO  org.hibernate.Version-[46] HHH000412: Hibernate Core {5.4.9.Final}
2020/08/24-09:26:24 [main] INFO  org.hibernate.annotations.common.Version-[66] HCANN000001: Hibernate Commons Annotations {5.0.1.Final}
2020/08/24-09:26:24 [main] INFO  org.hibernate.dialect.Dialect-[172] HHH000400: Using dialect: org.hibernate.dialect.Oracle10gDialect
2020/08/24-09:26:27 [main] INFO  org.hibernate.engine.transaction.jta.platform.internal.JtaPlatformInitiator-[52] HHH000490: Using JtaPlatform implementation: [org.hibernate.engine.transaction.jta.platform.internal.NoJtaPlatform]
2020/08/24-09:26:27 [main] INFO  org.springframework.orm.jpa.LocalContainerEntityManagerFactoryBean-[416] Initialized JPA EntityManagerFactory for persistence unit 'default'
2020/08/24-09:26:30 [main] DEBUG com.tuozhi.zhlw.admin.report.mapper.EtcTradeDateClearMapper.getSectionAllList-[159] ==>  Preparing: SELECT ID,NAME FROM CD_TRADE.BASE_SECTION order by NAME 
2020/08/24-09:26:30 [main] DEBUG com.tuozhi.zhlw.admin.report.mapper.EtcTradeDateClearMapper.getSectionAllList-[159] ==> Parameters: 
2020/08/24-09:26:30 [main] DEBUG com.tuozhi.zhlw.admin.report.mapper.EtcTradeDateClearMapper.getSectionAllList-[159] <==      Total: 28
2020/08/24-09:26:30 [main] DEBUG com.tuozhi.zhlw.admin.report.mapper.EtcTradeDateClearMapper.getGantryAllList-[159] ==>  Preparing: SELECT ID FROM CD_TRADE.BASE_TOLLPOINT 
2020/08/24-09:26:30 [main] DEBUG com.tuozhi.zhlw.admin.report.mapper.EtcTradeDateClearMapper.getGantryAllList-[159] ==> Parameters: 
2020/08/24-09:26:31 [main] DEBUG com.tuozhi.zhlw.admin.report.mapper.EtcTradeDateClearMapper.getGantryAllList-[159] <==      Total: 400
2020/08/24-09:26:32 [main] DEBUG com.tuozhi.zhlw.admin.jc.mapper.GreyInfoMapper.queryAllGantryList-[159] ==>  Preparing: SELECT ID,NAME FROM CD_TRADE.BASE_TOLLPOINT 
2020/08/24-09:26:32 [main] DEBUG com.tuozhi.zhlw.admin.jc.mapper.GreyInfoMapper.queryAllGantryList-[159] ==> Parameters: 
2020/08/24-09:26:32 [main] DEBUG com.tuozhi.zhlw.admin.jc.mapper.GreyInfoMapper.queryAllGantryList-[159] <==      Total: 400
2020/08/24-09:26:32 [main] DEBUG com.tuozhi.zhlw.admin.jc.mapper.TransactionDataDao.selectAllTollStation-[159] ==>  Preparing: SELECT x.* FROM CD_PASS.BASIC_BASICINFODOWN_RES x WHERE x.downid = ( SELECT max( w.down_id ) FROM "CD_PASS".CLEAR_DOWNLOAD_LOG w WHERE w.read_result = 1 AND w.file_type = 24 ) AND x.TYPE = '1' 
2020/08/24-09:26:32 [main] DEBUG com.tuozhi.zhlw.admin.jc.mapper.TransactionDataDao.selectAllTollStation-[159] ==> Parameters: 
2020/08/24-09:26:40 [main] DEBUG com.tuozhi.zhlw.admin.jc.mapper.TransactionDataDao.selectAllTollStation-[159] <==      Total: 11241
2020/08/24-09:26:41 [main] WARN  org.springframework.boot.autoconfigure.orm.jpa.JpaBaseConfiguration$JpaWebConfiguration-[220] spring.jpa.open-in-view is enabled by default. Therefore, database queries may be performed during view rendering. Explicitly configure spring.jpa.open-in-view to disable this warning
2020/08/24-09:26:41 [main] INFO  tk.mybatis.mapper.autoconfigure.MapperCacheDisabler-[60] Clear tk.mybatis.mapper.util.MsUtil CLASS_CACHE cache.
2020/08/24-09:26:41 [main] INFO  tk.mybatis.mapper.autoconfigure.MapperCacheDisabler-[60] Clear tk.mybatis.mapper.genid.GenIdUtil CACHE cache.
2020/08/24-09:26:41 [main] INFO  tk.mybatis.mapper.autoconfigure.MapperCacheDisabler-[83] Clear EntityHelper entityTableMap cache.
2020/08/24-09:26:41 [main] INFO  org.springframework.scheduling.concurrent.ThreadPoolTaskScheduler-[171] Initializing ExecutorService 'taskScheduler'
2020/08/24-09:26:41 [main] INFO  org.apache.coyote.http11.Http11NioProtocol-[173] Starting ProtocolHandler ["http-nio-317"]
2020/08/24-09:26:42 [main] INFO  org.springframework.boot.web.embedded.tomcat.TomcatWebServer-[204] Tomcat started on port(s): 317 (http) with context path ''
2020/08/24-09:26:42 [main] INFO  com.tuozhi.zhlw.admin.MyApplication-[61] Started MyApplication in 22.723 seconds (JVM running for 23.729)
2020/08/24-09:26:42 [main] DEBUG com.tuozhi.zhlw.admin.jc.mapper.BaseDeptMapper.getJCBDeptId-[159] ==>  Preparing: SELECT ID FROM CD_SYSTEM.SYS_DEPT WHERE DEPT_WORK = '1000002' 
2020/08/24-09:26:42 [main] DEBUG com.tuozhi.zhlw.admin.jc.mapper.BaseDeptMapper.getJCBDeptId-[159] ==> Parameters: 
2020/08/24-09:26:42 [main] DEBUG com.tuozhi.zhlw.admin.jc.mapper.BaseDeptMapper.getJCBDeptId-[159] <==      Total: 1
2020/08/24-09:26:42 [main] DEBUG com.tuozhi.zhlw.admin.jc.mapper.BaseDeptMapper.getIssuerDeptId-[159] ==>  Preparing: SELECT ID FROM CD_SYSTEM.SYS_DEPT WHERE DEPT_WORK = 'FX' 
2020/08/24-09:26:42 [main] DEBUG com.tuozhi.zhlw.admin.jc.mapper.BaseDeptMapper.getIssuerDeptId-[159] ==> Parameters: 
2020/08/24-09:26:42 [main] DEBUG com.tuozhi.zhlw.admin.jc.mapper.BaseDeptMapper.getIssuerDeptId-[159] <==      Total: 1
2020/08/24-09:26:46 [http-nio-317-exec-1] INFO  org.apache.catalina.core.ContainerBase.[Tomcat].[localhost].[/]-[173] Initializing Spring DispatcherServlet 'dispatcherServlet'
2020/08/24-09:26:46 [http-nio-317-exec-1] INFO  org.springframework.web.servlet.DispatcherServlet-[525] Initializing Servlet 'dispatcherServlet'
2020/08/24-09:26:46 [http-nio-317-exec-1] INFO  org.springframework.web.servlet.DispatcherServlet-[547] Completed initialization in 12 ms
2020/08/24-09:26:57 [http-nio-317-exec-1] INFO  com.tuozhi.zhlw.admin.jcApp.config.SysLoginAspect-[47] 您的登陆已超时，请重新登陆！！
2020/08/24-09:27:33 [http-nio-317-exec-2] DEBUG com.tuozhi.zhlw.admin.mapper.LoginMapper.findBaseUserByLoginName-[159] ==>  Preparing: select t.ID as deptId,t.PARENT_ID as deptParentId,t.DEPT_NAME as deptName,t.DEPT_WORK as deptWork,u.LOGIN_NAME as loginName,u.USER_NAME as userName,u.PASSWORD as password,u.ID as userId,u.LAST_PASSWORD_MODIFY_TIME lastPasswordModifyTime,u.PASSWORD_HISTORY passwordHistory, t.PRIVILEGE_ID as privilegeId ,u.VALID_STATUS as validStatus,(select wm_concat(ROLE_ID) from SYS_USER_ROLES where USER_ID= u.ID) roleIds,t.DEPT_LONG_ID deptLongId, t.WORKFLOWDEPTROLE workFlowDeptRole from SYS_USERS u left join SYS_DEPT t on t.ID = u.DEPT_ID where u.LOGIN_NAME = ? 
2020/08/24-09:27:33 [http-nio-317-exec-2] DEBUG com.tuozhi.zhlw.admin.mapper.LoginMapper.findBaseUserByLoginName-[159] ==> Parameters: jichabu(String)
2020/08/24-09:27:33 [http-nio-317-exec-2] DEBUG com.tuozhi.zhlw.admin.mapper.LoginMapper.findBaseUserByLoginName-[159] <==      Total: 1
2020/08/24-09:28:28 [http-nio-317-exec-3] DEBUG com.tuozhi.zhlw.admin.mapper.LoginMapper.findBaseUserByLoginName-[159] ==>  Preparing: select t.ID as deptId,t.PARENT_ID as deptParentId,t.DEPT_NAME as deptName,t.DEPT_WORK as deptWork,u.LOGIN_NAME as loginName,u.USER_NAME as userName,u.PASSWORD as password,u.ID as userId,u.LAST_PASSWORD_MODIFY_TIME lastPasswordModifyTime,u.PASSWORD_HISTORY passwordHistory, t.PRIVILEGE_ID as privilegeId ,u.VALID_STATUS as validStatus,(select wm_concat(ROLE_ID) from SYS_USER_ROLES where USER_ID= u.ID) roleIds,t.DEPT_LONG_ID deptLongId, t.WORKFLOWDEPTROLE workFlowDeptRole from SYS_USERS u left join SYS_DEPT t on t.ID = u.DEPT_ID where u.LOGIN_NAME = ? 
2020/08/24-09:28:28 [http-nio-317-exec-3] DEBUG com.tuozhi.zhlw.admin.mapper.LoginMapper.findBaseUserByLoginName-[159] ==> Parameters: jichabu(String)
2020/08/24-09:28:28 [http-nio-317-exec-3] DEBUG com.tuozhi.zhlw.admin.mapper.LoginMapper.findBaseUserByLoginName-[159] <==      Total: 1
2020/08/24-09:29:04 [http-nio-317-exec-4] DEBUG com.tuozhi.zhlw.admin.mapper.LoginMapper.findBaseUserByLoginName-[159] ==>  Preparing: select t.ID as deptId,t.PARENT_ID as deptParentId,t.DEPT_NAME as deptName,t.DEPT_WORK as deptWork,u.LOGIN_NAME as loginName,u.USER_NAME as userName,u.PASSWORD as password,u.ID as userId,u.LAST_PASSWORD_MODIFY_TIME lastPasswordModifyTime,u.PASSWORD_HISTORY passwordHistory, t.PRIVILEGE_ID as privilegeId ,u.VALID_STATUS as validStatus,(select wm_concat(ROLE_ID) from SYS_USER_ROLES where USER_ID= u.ID) roleIds,t.DEPT_LONG_ID deptLongId, t.WORKFLOWDEPTROLE workFlowDeptRole from SYS_USERS u left join SYS_DEPT t on t.ID = u.DEPT_ID where u.LOGIN_NAME = ? 
2020/08/24-09:29:04 [http-nio-317-exec-4] DEBUG com.tuozhi.zhlw.admin.mapper.LoginMapper.findBaseUserByLoginName-[159] ==> Parameters: jichabu(String)
2020/08/24-09:29:04 [http-nio-317-exec-4] DEBUG com.tuozhi.zhlw.admin.mapper.LoginMapper.findBaseUserByLoginName-[159] <==      Total: 1
